<?xml version="1.0" encoding="UTF-8"?>
<!-- Generated by org.testng.reporters.JUnitReportReporter -->
<testsuite hostname="Sciencefreek" failures="0" tests="2" name="Maven1.Testng1" time="2.980" errors="0" timestamp="2023-03-09T15:56:26 IST" skipped="1">
  <testcase classname="Maven1.Testng1" name="f" time="2.980"/>
  <system-out/>
  <testcase classname="Maven1.Testng1" name="hello">
    <skipped/>
  </testcase> <!-- hello -->
  <system-out/>
</testsuite> <!-- Maven1.Testng1 -->
