<?xml version="1.0" encoding="UTF-8"?>
<!-- Generated by org.testng.reporters.JUnitReportReporter -->
<testsuite hostname="Sciencefreek" failures="0" tests="2" name="Dataprovide.Dataprovider" time="1.803" errors="0" timestamp="2023-04-07T15:41:39 IST" skipped="0">
  <testcase classname="Dataprovide.Dataprovider" name="login" time="0.273"/>
  <system-out/>
  <testcase classname="Dataprovide.Dataprovider" name="login" time="1.530"/>
  <system-out/>
</testsuite> <!-- Dataprovide.Dataprovider -->
